<?xml version="1.0" encoding="UTF-8"?>
<!-- Generated by org.testng.reporters.JUnitReportReporter -->
<testsuite hostname="LAPTOP-RBGJKB1Q" failures="0" tests="2" name="com.demoTestCases.TestCase1" time="7.507" errors="0" timestamp="2021-11-02T06:24:30 IST" skipped="0">
  <testcase classname="com.demoTestCases.TestCase1" name="sample2" time="3.479"/>
  <system-out/>
  <testcase classname="com.demoTestCases.TestCase1" name="sample" time="4.028"/>
  <system-out/>
</testsuite> <!-- com.demoTestCases.TestCase1 -->
