<?xml version="1.0" encoding="UTF-8"?>
<!-- Generated by org.testng.reporters.JUnitReportReporter -->
<testsuite hostname="LAPTOP-RBGJKB1Q" failures="0" tests="1" name="com.demoTestCases.Demo" time="1.655" errors="0" timestamp="2021-11-02T05:00:52 IST" skipped="0">
  <testcase classname="com.demoTestCases.Demo" name="sample" time="1.655"/>
  <system-out/>
</testsuite> <!-- com.demoTestCases.Demo -->
